[Wed Feb 25 10:00:02 CST 2026] 开始本地备份...
  → 保存系统状态...
  → 备份学习日志...
  → Git备份...
[master 38bcd74] Auto backup: 20260225_100002
 12 files changed, 426 insertions(+), 3 deletions(-)
 create mode 100644 backup/hourly/2026-02-25/20260225_100002-skills.json
 create mode 100644 backup/hourly/2026-02-25/20260225_100002-system.json
 create mode 100644 backup/system/logs/feishu_sync.log
 create mode 100644 backup/system/logs/hourly.log
 create mode 100644 data/daily-reports/daily_report_2026-02-25.md
 create mode 100644 data/daily-reports/daily_report_latest.md
 create mode 100644 search-1.png
 create mode 100644 search-9.png
[Wed Feb 25 10:00:03 CST 2026] 备份完成: /home/zzyuzhangxing/.openclaw/workspace/backup/hourly/2026-02-25/
[Wed Feb 25 19:00:02 CST 2026] 开始本地备份...
  → 保存系统状态...
  → 备份学习日志...
  → Git备份...
[master 49ad098] Auto backup: 20260225_190002
 3 files changed, 220 insertions(+)
 create mode 100644 backup/hourly/2026-02-25/20260225_190002-skills.json
 create mode 100644 backup/hourly/2026-02-25/20260225_190002-system.json
[Wed Feb 25 19:00:02 CST 2026] 备份完成: /home/zzyuzhangxing/.openclaw/workspace/backup/hourly/2026-02-25/
[Wed Feb 25 20:00:02 CST 2026] 开始本地备份...
  → 保存系统状态...
  → 备份学习日志...
  → Git备份...
[master bbebbca] Auto backup: 20260225_200002
 4 files changed, 327 insertions(+)
 create mode 100644 backup/hourly/2026-02-25/20260225_200002-skills.json
 create mode 100644 backup/hourly/2026-02-25/20260225_200002-system.json
 create mode 100644 data/daily-reports/summary_20260225.md
[Wed Feb 25 20:00:02 CST 2026] 备份完成: /home/zzyuzhangxing/.openclaw/workspace/backup/hourly/2026-02-25/
[Wed Feb 25 21:00:02 CST 2026] 开始本地备份...
  → 保存系统状态...
  → 备份学习日志...
  → Git备份...
[master 9225090] Auto backup: 20260225_210002
 9 files changed, 609 insertions(+), 141 deletions(-)
 create mode 100644 .env.twitter
 create mode 100644 backup/hourly/2026-02-25/20260225_210002-skills.json
 create mode 100644 backup/hourly/2026-02-25/20260225_210002-system.json
 create mode 100644 data/x-ai-trending/x_trending_20260225_20.json
 create mode 100644 data/x-ai-trending/x_trending_latest.json
 create mode 100644 docs/twitter-api-setup.md
[Wed Feb 25 21:00:02 CST 2026] 备份完成: /home/zzyuzhangxing/.openclaw/workspace/backup/hourly/2026-02-25/
[Wed Feb 25 22:00:01 CST 2026] 开始本地备份...
  → 保存系统状态...
  → 备份学习日志...
  → Git备份...
[master ad111d4] Auto backup: 20260225_220001
 12 files changed, 486 insertions(+), 19 deletions(-)
 create mode 100644 backup/hourly/2026-02-25/20260225_220001-skills.json
 create mode 100644 backup/hourly/2026-02-25/20260225_220001-system.json
 create mode 100644 "\345\255\246\344\271\240\346\227\266\351\227\264:"
 create mode 100644 "\346\220\234\347\264\242\350\257\215:"
 create mode 100644 "\347\212\266\346\200\201:"
[Wed Feb 25 22:00:01 CST 2026] 备份完成: /home/zzyuzhangxing/.openclaw/workspace/backup/hourly/2026-02-25/
[Wed Feb 25 23:00:01 CST 2026] 开始本地备份...
  → 保存系统状态...
  → 备份学习日志...
  → Git备份...
[master 09e1a1e] Auto backup: 20260225_230001
 3 files changed, 411 insertions(+)
 create mode 100644 backup/hourly/2026-02-25/20260225_230001-skills.json
 create mode 100644 backup/hourly/2026-02-25/20260225_230001-system.json
[Wed Feb 25 23:00:01 CST 2026] 备份完成: /home/zzyuzhangxing/.openclaw/workspace/backup/hourly/2026-02-25/
[Thu Feb 26 00:00:01 CST 2026] 开始本地备份...
  → 保存系统状态...
  → 备份学习日志...
  → Git备份...
[master 4bfeb80] Auto backup: 20260226_000001
 9 files changed, 506 insertions(+), 39 deletions(-)
 create mode 100644 backup/hourly/2026-02-26/20260226_000001-skills.json
 create mode 100644 backup/hourly/2026-02-26/20260226_000001-system.json
 create mode 100644 search-23.png
[Thu Feb 26 00:00:02 CST 2026] 备份完成: /home/zzyuzhangxing/.openclaw/workspace/backup/hourly/2026-02-26/
[Thu Feb 26 01:00:01 CST 2026] 开始本地备份...
  → 保存系统状态...
  → 备份学习日志...
  → Git备份...
[master 3fecba4] Auto backup: 20260226_010001
 6 files changed, 478 insertions(+)
 create mode 100644 backup/hourly/2026-02-26/20260226_010001-skills.json
 create mode 100644 backup/hourly/2026-02-26/20260226_010001-system.json
[Thu Feb 26 01:00:01 CST 2026] 备份完成: /home/zzyuzhangxing/.openclaw/workspace/backup/hourly/2026-02-26/
[Thu Feb 26 02:00:01 CST 2026] 开始本地备份...
  → 保存系统状态...
  → 备份学习日志...
  → Git备份...
[master 58506bd] Auto backup: 20260226_020001
 11 files changed, 716 insertions(+)
 create mode 100644 backup/daily/2026-02-26/skills-backup.tar.gz
 create mode 100644 backup/daily/2026-02-26/system-status.md
 create mode 100644 backup/hourly/2026-02-26/20260226_020001-skills.json
 create mode 100644 backup/hourly/2026-02-26/20260226_020001-system.json
 create mode 100644 backup/system/config/2026-02-26/crontab.txt
 create mode 100644 backup/system/config/2026-02-26/openclaw.json
 create mode 100644 backup/system/logs/daily.log
[Thu Feb 26 02:00:01 CST 2026] 备份完成: /home/zzyuzhangxing/.openclaw/workspace/backup/hourly/2026-02-26/
[Thu Feb 26 03:00:01 CST 2026] 开始本地备份...
  → 保存系统状态...
  → 备份学习日志...
  → Git备份...
[master 2384171] Auto backup: 20260226_030001
 17 files changed, 1928 insertions(+)
 create mode 100644 backup/hourly/2026-02-26/20260226_030001-skills.json
 create mode 100644 backup/hourly/2026-02-26/20260226_030001-system.json
 create mode 100644 "prompts/video/1-6\345\217\244\350\243\205\347\216\204\345\271\273\344\272\272\347\211\251\345\206\231\347\234\237(1).txt"
 create mode 100644 "prompts/video/43\347\273\204Z-image\350\211\272\346\234\257\346\217\220\347\244\272\350\257\215(1)(1).txt"
 create mode 100644 "prompts/video/43\347\273\204Z-image\350\211\272\346\234\257\346\217\220\347\244\272\350\257\215(1).txt"
 create mode 100644 "prompts/video/vidu\345\233\276\347\224\237\350\247\206\351\242\221\347\263\273\347\273\237\346\217\220\347\244\272\350\257\215\346\250\241\346\235\277(1).md"
 create mode 100644 "prompts/video/\345\211\247\346\234\254+_+\347\275\221\346\226\207\346\224\271\347\274\226\347\237\255\345\211\247\346\217\220\347\244\272\350\257\215\346\241\206\346\236\266.md"
 create mode 100644 "prompts/video/\346\226\207\347\224\237\345\233\276\346\231\272\350\203\275\344\275\223\346\217\220\347\244\272\350\257\215(1).txt"
 create mode 100644 "prompts/video/\346\274\253\345\211\247\344\271\235\345\256\253\346\240\274\345\210\206\351\225\234\357\274\210\345\244\247\351\246\231\350\225\211pro\357\274\211(1).txt"
 create mode 100644 "prompts/video/\347\251\266\346\236\201(1).md"
 create mode 100644 search-2.png
 create mode 100644 skills/video-prompt-engineering/SKILL.md
[Thu Feb 26 03:00:01 CST 2026] 备份完成: /home/zzyuzhangxing/.openclaw/workspace/backup/hourly/2026-02-26/
